<?xml version="1.0" encoding="UTF-8"?>
<coverage generated="1757373561302" clover="3.2.0">
  <project timestamp="1757373561302" name="All files">
    <metrics statements="165" coveredstatements="162" conditionals="40" coveredconditionals="38" methods="17" coveredmethods="16" elements="222" coveredelements="216" complexity="0" loc="165" ncloc="165" packages="1" files="6" classes="6"/>
    <file name="constants.ts" path="/Volumes/projects/Personal/open-source/libs/widget/src/constants.ts">
      <metrics statements="25" coveredstatements="25" conditionals="3" coveredconditionals="3" methods="3" coveredmethods="3"/>
      <line num="1" count="1" type="stmt"/>
      <line num="2" count="1" type="cond" truecount="1" falsecount="0"/>
      <line num="3" count="2" type="stmt"/>
      <line num="4" count="1" type="cond" truecount="1" falsecount="0"/>
      <line num="5" count="1" type="stmt"/>
      <line num="6" count="1" type="cond" truecount="1" falsecount="0"/>
      <line num="7" count="1" type="stmt"/>
      <line num="8" count="1" type="stmt"/>
      <line num="9" count="1" type="stmt"/>
      <line num="11" count="1" type="stmt"/>
      <line num="12" count="1" type="stmt"/>
      <line num="13" count="1" type="stmt"/>
      <line num="14" count="1" type="stmt"/>
      <line num="15" count="1" type="stmt"/>
      <line num="16" count="1" type="stmt"/>
      <line num="17" count="1" type="stmt"/>
      <line num="18" count="1" type="stmt"/>
      <line num="19" count="1" type="stmt"/>
      <line num="20" count="1" type="stmt"/>
      <line num="21" count="1" type="stmt"/>
      <line num="22" count="1" type="stmt"/>
      <line num="23" count="1" type="stmt"/>
      <line num="24" count="1" type="stmt"/>
      <line num="25" count="1" type="stmt"/>
      <line num="26" count="1" type="stmt"/>
    </file>
    <file name="index.ts" path="/Volumes/projects/Personal/open-source/libs/widget/src/index.ts">
      <metrics statements="3" coveredstatements="0" conditionals="1" coveredconditionals="0" methods="1" coveredmethods="0"/>
      <line num="1" count="0" type="cond" truecount="0" falsecount="1"/>
      <line num="2" count="0" type="stmt"/>
      <line num="3" count="0" type="stmt"/>
    </file>
    <file name="types.ts" path="/Volumes/projects/Personal/open-source/libs/widget/src/types.ts">
      <metrics statements="0" coveredstatements="0" conditionals="1" coveredconditionals="1" methods="1" coveredmethods="1"/>
    </file>
    <file name="utils.tsx" path="/Volumes/projects/Personal/open-source/libs/widget/src/utils.tsx">
      <metrics statements="23" coveredstatements="23" conditionals="4" coveredconditionals="4" methods="1" coveredmethods="1"/>
      <line num="2" count="1" type="stmt"/>
      <line num="5" count="1" type="cond" truecount="1" falsecount="0"/>
      <line num="6" count="2055" type="stmt"/>
      <line num="7" count="2055" type="stmt"/>
      <line num="8" count="2055" type="stmt"/>
      <line num="9" count="2055" type="stmt"/>
      <line num="10" count="2055" type="stmt"/>
      <line num="11" count="2055" type="cond" truecount="1" falsecount="0"/>
      <line num="12" count="2" type="stmt"/>
      <line num="13" count="2" type="stmt"/>
      <line num="14" count="2" type="cond" truecount="1" falsecount="0"/>
      <line num="16" count="2053" type="stmt"/>
      <line num="18" count="2053" type="stmt"/>
      <line num="19" count="2053" type="stmt"/>
      <line num="20" count="2053" type="stmt"/>
      <line num="21" count="2053" type="stmt"/>
      <line num="22" count="2053" type="stmt"/>
      <line num="24" count="2053" type="stmt"/>
      <line num="25" count="2053" type="stmt"/>
      <line num="26" count="2055" type="cond" truecount="1" falsecount="0"/>
      <line num="27" count="2055" type="stmt"/>
      <line num="28" count="2055" type="stmt"/>
      <line num="30" count="2055" type="stmt"/>
    </file>
    <file name="widget.tsx" path="/Volumes/projects/Personal/open-source/libs/widget/src/widget.tsx">
      <metrics statements="61" coveredstatements="61" conditionals="20" coveredconditionals="19" methods="4" coveredmethods="4"/>
      <line num="1" count="1" type="stmt"/>
      <line num="3" count="1" type="stmt"/>
      <line num="4" count="1" type="stmt"/>
      <line num="6" count="1" type="cond" truecount="1" falsecount="0"/>
      <line num="8" count="30" type="stmt"/>
      <line num="9" count="30" type="stmt"/>
      <line num="10" count="30" type="stmt"/>
      <line num="11" count="30" type="stmt"/>
      <line num="12" count="30" type="stmt"/>
      <line num="13" count="30" type="stmt"/>
      <line num="15" count="30" type="cond" truecount="1" falsecount="0"/>
      <line num="17" count="30" type="stmt"/>
      <line num="18" count="30" type="cond" truecount="1" falsecount="0"/>
      <line num="20" count="30" type="cond" truecount="1" falsecount="0"/>
      <line num="21" count="39" type="stmt"/>
      <line num="22" count="39" type="stmt"/>
      <line num="23" count="39" type="stmt"/>
      <line num="24" count="39" type="stmt"/>
      <line num="25" count="39" type="cond" truecount="4" falsecount="0"/>
      <line num="26" count="39" type="cond" truecount="3" falsecount="0"/>
      <line num="27" count="39" type="stmt"/>
      <line num="28" count="39" type="cond" truecount="1" falsecount="0"/>
      <line num="29" count="39" type="stmt"/>
      <line num="30" count="39" type="stmt"/>
      <line num="33" count="39" type="stmt"/>
      <line num="34" count="39" type="cond" truecount="2" falsecount="0"/>
      <line num="35" count="39" type="stmt"/>
      <line num="36" count="39" type="stmt"/>
      <line num="38" count="39" type="stmt"/>
      <line num="39" count="39" type="stmt"/>
      <line num="40" count="39" type="stmt"/>
      <line num="41" count="39" type="cond" truecount="1" falsecount="0"/>
      <line num="42" count="2048" type="stmt"/>
      <line num="43" count="2048" type="stmt"/>
      <line num="44" count="2048" type="stmt"/>
      <line num="45" count="2048" type="stmt"/>
      <line num="46" count="2048" type="stmt"/>
      <line num="47" count="2048" type="stmt"/>
      <line num="48" count="2048" type="stmt"/>
      <line num="49" count="39" type="stmt"/>
      <line num="50" count="39" type="stmt"/>
      <line num="51" count="39" type="stmt"/>
      <line num="53" count="30" type="stmt"/>
      <line num="56" count="30" type="cond" truecount="1" falsecount="0"/>
      <line num="57" count="6" type="stmt"/>
      <line num="58" count="6" type="stmt"/>
      <line num="60" count="6" type="stmt"/>
      <line num="61" count="6" type="stmt"/>
      <line num="62" count="6" type="cond" truecount="0" falsecount="1"/>
      <line num="64" count="6" type="cond" truecount="2" falsecount="0"/>
      <line num="65" count="1" type="stmt"/>
      <line num="66" count="1" type="stmt"/>
      <line num="68" count="5" type="stmt"/>
      <line num="69" count="5" type="stmt"/>
      <line num="70" count="5" type="cond" truecount="1" falsecount="0"/>
      <line num="71" count="7" type="stmt"/>
      <line num="72" count="5" type="stmt"/>
      <line num="73" count="5" type="stmt"/>
      <line num="75" count="30" type="stmt"/>
      <line num="77" count="30" type="stmt"/>
      <line num="78" count="30" type="stmt"/>
    </file>
    <file name="widgets.tsx" path="/Volumes/projects/Personal/open-source/libs/widget/src/widgets.tsx">
      <metrics statements="53" coveredstatements="53" conditionals="11" coveredconditionals="11" methods="7" coveredmethods="7"/>
      <line num="1" count="1" type="stmt"/>
      <line num="2" count="1" type="stmt"/>
      <line num="4" count="1" type="cond" truecount="1" falsecount="0"/>
      <line num="5" count="38" type="stmt"/>
      <line num="6" count="38" type="stmt"/>
      <line num="9" count="1" type="stmt"/>
      <line num="12" count="1" type="stmt"/>
      <line num="13" count="1" type="cond" truecount="1" falsecount="0"/>
      <line num="17" count="2050" type="stmt"/>
      <line num="18" count="2050" type="stmt"/>
      <line num="19" count="2050" type="stmt"/>
      <line num="20" count="2050" type="stmt"/>
      <line num="22" count="1" type="cond" truecount="1" falsecount="0"/>
      <line num="23" count="2" type="stmt"/>
      <line num="24" count="2" type="stmt"/>
      <line num="26" count="1" type="cond" truecount="1" falsecount="0"/>
      <line num="27" count="1" type="stmt"/>
      <line num="28" count="1" type="stmt"/>
      <line num="29" count="1" type="stmt"/>
      <line num="30" count="1" type="stmt"/>
      <line num="31" count="1" type="stmt"/>
      <line num="32" count="1" type="stmt"/>
      <line num="34" count="1" type="cond" truecount="1" falsecount="0"/>
      <line num="35" count="2058" type="cond" truecount="1" falsecount="0"/>
      <line num="36" count="2" type="stmt"/>
      <line num="37" count="2" type="stmt"/>
      <line num="38" count="2" type="stmt"/>
      <line num="39" count="2" type="stmt"/>
      <line num="41" count="2" type="cond" truecount="1" falsecount="0"/>
      <line num="43" count="2056" type="stmt"/>
      <line num="44" count="2058" type="stmt"/>
      <line num="45" count="1" type="stmt"/>
      <line num="48" count="1" type="cond" truecount="1" falsecount="0"/>
      <line num="49" count="1" type="stmt"/>
      <line num="52" count="1" type="cond" truecount="1" falsecount="0"/>
      <line num="53" count="2057" type="stmt"/>
      <line num="57" count="2057" type="stmt"/>
      <line num="58" count="2057" type="stmt"/>
      <line num="59" count="2057" type="stmt"/>
      <line num="60" count="2057" type="stmt"/>
      <line num="61" count="2057" type="stmt"/>
      <line num="62" count="2057" type="stmt"/>
      <line num="64" count="2057" type="stmt"/>
      <line num="65" count="2057" type="stmt"/>
      <line num="66" count="2057" type="stmt"/>
      <line num="67" count="2057" type="cond" truecount="1" falsecount="0"/>
      <line num="68" count="2057" type="cond" truecount="1" falsecount="0"/>
      <line num="70" count="2057" type="stmt"/>
      <line num="71" count="2057" type="stmt"/>
      <line num="72" count="2057" type="stmt"/>
      <line num="73" count="2057" type="stmt"/>
      <line num="74" count="2057" type="stmt"/>
      <line num="76" count="2057" type="stmt"/>
    </file>
  </project>
</coverage>
