{"/Volumes/projects/Personal/open-source/libs/widget/src/constants.ts": {"path":"/Volumes/projects/Personal/open-source/libs/widget/src/constants.ts","all":false,"statementMap":{"0":{"start":{"line":1,"column":0},"end":{"line":1,"column":31}},"1":{"start":{"line":2,"column":0},"end":{"line":2,"column":47}},"2":{"start":{"line":3,"column":0},"end":{"line":3,"column":76}},"3":{"start":{"line":4,"column":0},"end":{"line":4,"column":45}},"4":{"start":{"line":5,"column":0},"end":{"line":5,"column":40}},"5":{"start":{"line":6,"column":0},"end":{"line":6,"column":70}},"6":{"start":{"line":7,"column":0},"end":{"line":7,"column":31}},"7":{"start":{"line":8,"column":0},"end":{"line":8,"column":21}},"8":{"start":{"line":9,"column":0},"end":{"line":9,"column":11}},"10":{"start":{"line":11,"column":0},"end":{"line":11,"column":31}},"11":{"start":{"line":12,"column":0},"end":{"line":12,"column":10}},"12":{"start":{"line":13,"column":0},"end":{"line":13,"column":19}},"13":{"start":{"line":14,"column":0},"end":{"line":14,"column":32}},"14":{"start":{"line":15,"column":0},"end":{"line":15,"column":24}},"15":{"start":{"line":16,"column":0},"end":{"line":16,"column":31}},"16":{"start":{"line":17,"column":0},"end":{"line":17,"column":21}},"17":{"start":{"line":18,"column":0},"end":{"line":18,"column":4}},"18":{"start":{"line":19,"column":0},"end":{"line":19,"column":12}},"19":{"start":{"line":20,"column":0},"end":{"line":20,"column":19}},"20":{"start":{"line":21,"column":0},"end":{"line":21,"column":29}},"21":{"start":{"line":22,"column":0},"end":{"line":22,"column":24}},"22":{"start":{"line":23,"column":0},"end":{"line":23,"column":31}},"23":{"start":{"line":24,"column":0},"end":{"line":24,"column":18}},"24":{"start":{"line":25,"column":0},"end":{"line":25,"column":4}},"25":{"start":{"line":26,"column":0},"end":{"line":26,"column":11}}},"s":{"0":1,"1":1,"2":2,"3":1,"4":1,"5":1,"6":1,"7":1,"8":1,"10":1,"11":1,"12":1,"13":1,"14":1,"15":1,"16":1,"17":1,"18":1,"19":1,"20":1,"21":1,"22":1,"23":1,"24":1,"25":1},"branchMap":{"0":{"type":"branch","line":2,"loc":{"start":{"line":2,"column":18},"end":{"line":3,"column":76}},"locations":[{"start":{"line":2,"column":18},"end":{"line":3,"column":76}}]},"1":{"type":"branch","line":4,"loc":{"start":{"line":4,"column":16},"end":{"line":5,"column":40}},"locations":[{"start":{"line":4,"column":16},"end":{"line":5,"column":40}}]},"2":{"type":"branch","line":6,"loc":{"start":{"line":6,"column":17},"end":{"line":6,"column":70}},"locations":[{"start":{"line":6,"column":17},"end":{"line":6,"column":70}}]}},"b":{"0":[2],"1":[1],"2":[2]},"fnMap":{"0":{"name":"UNKNOWN_WIDGET","decl":{"start":{"line":2,"column":18},"end":{"line":3,"column":76}},"loc":{"start":{"line":2,"column":18},"end":{"line":3,"column":76}},"line":2},"1":{"name":"WIDGET_ERROR","decl":{"start":{"line":4,"column":16},"end":{"line":5,"column":40}},"loc":{"start":{"line":4,"column":16},"end":{"line":5,"column":40}},"line":4},"2":{"name":"WIDGET_FAILED","decl":{"start":{"line":6,"column":17},"end":{"line":6,"column":70}},"loc":{"start":{"line":6,"column":17},"end":{"line":6,"column":70}},"line":6}},"f":{"0":2,"1":1,"2":2}}
,"/Volumes/projects/Personal/open-source/libs/widget/src/index.ts": {"path":"/Volumes/projects/Personal/open-source/libs/widget/src/index.ts","all":true,"statementMap":{"0":{"start":{"line":1,"column":0},"end":{"line":1,"column":25}},"1":{"start":{"line":2,"column":0},"end":{"line":2,"column":24}},"2":{"start":{"line":3,"column":0},"end":{"line":3,"column":28}}},"s":{"0":0,"1":0,"2":0},"branchMap":{"0":{"type":"branch","line":1,"loc":{"start":{"line":1,"column":79},"end":{"line":3,"column":28}},"locations":[{"start":{"line":1,"column":79},"end":{"line":3,"column":28}}]}},"b":{"0":[0]},"fnMap":{"0":{"name":"(empty-report)","decl":{"start":{"line":1,"column":79},"end":{"line":3,"column":28}},"loc":{"start":{"line":1,"column":79},"end":{"line":3,"column":28}},"line":1}},"f":{"0":0}}
,"/Volumes/projects/Personal/open-source/libs/widget/src/types.ts": {"path":"/Volumes/projects/Personal/open-source/libs/widget/src/types.ts","all":true,"statementMap":{},"s":{},"branchMap":{"0":{"type":"branch","line":1,"loc":{"start":{"line":1,"column":915},"end":{"line":33,"column":2}},"locations":[{"start":{"line":1,"column":915},"end":{"line":33,"column":2}}]}},"b":{"0":[1]},"fnMap":{"0":{"name":"(empty-report)","decl":{"start":{"line":1,"column":915},"end":{"line":33,"column":2}},"loc":{"start":{"line":1,"column":915},"end":{"line":33,"column":2}},"line":1}},"f":{"0":1}}
,"/Volumes/projects/Personal/open-source/libs/widget/src/utils.tsx": {"path":"/Volumes/projects/Personal/open-source/libs/widget/src/utils.tsx","all":false,"statementMap":{"1":{"start":{"line":2,"column":0},"end":{"line":2,"column":45}},"4":{"start":{"line":5,"column":0},"end":{"line":5,"column":80}},"5":{"start":{"line":6,"column":0},"end":{"line":6,"column":28}},"6":{"start":{"line":7,"column":0},"end":{"line":7,"column":77}},"7":{"start":{"line":8,"column":0},"end":{"line":8,"column":19}},"8":{"start":{"line":9,"column":0},"end":{"line":9,"column":44}},"9":{"start":{"line":10,"column":0},"end":{"line":10,"column":3}},"10":{"start":{"line":11,"column":0},"end":{"line":11,"column":35}},"11":{"start":{"line":12,"column":0},"end":{"line":12,"column":68}},"12":{"start":{"line":13,"column":0},"end":{"line":13,"column":16}},"13":{"start":{"line":14,"column":0},"end":{"line":14,"column":3}},"15":{"start":{"line":16,"column":0},"end":{"line":16,"column":64}},"17":{"start":{"line":18,"column":0},"end":{"line":18,"column":10}},"18":{"start":{"line":19,"column":0},"end":{"line":19,"column":16}},"19":{"start":{"line":20,"column":0},"end":{"line":20,"column":19}},"20":{"start":{"line":21,"column":0},"end":{"line":21,"column":30}},"21":{"start":{"line":22,"column":0},"end":{"line":22,"column":34}},"23":{"start":{"line":24,"column":0},"end":{"line":24,"column":16}},"24":{"start":{"line":25,"column":0},"end":{"line":25,"column":23}},"25":{"start":{"line":26,"column":0},"end":{"line":26,"column":61}},"26":{"start":{"line":27,"column":0},"end":{"line":27,"column":8}},"27":{"start":{"line":28,"column":0},"end":{"line":28,"column":18}},"29":{"start":{"line":30,"column":0},"end":{"line":30,"column":1}}},"s":{"1":1,"4":1,"5":2055,"6":2055,"7":2055,"8":2055,"9":2055,"10":2055,"11":2,"12":2,"13":2,"15":2053,"17":2053,"18":2053,"19":2053,"20":2053,"21":2053,"23":2053,"24":2053,"25":2055,"26":2055,"27":2055,"29":2055},"branchMap":{"0":{"type":"branch","line":5,"loc":{"start":{"line":5,"column":7},"end":{"line":30,"column":1}},"locations":[{"start":{"line":5,"column":7},"end":{"line":30,"column":1}}]},"1":{"type":"branch","line":11,"loc":{"start":{"line":11,"column":34},"end":{"line":14,"column":3}},"locations":[{"start":{"line":11,"column":34},"end":{"line":14,"column":3}}]},"2":{"type":"branch","line":14,"loc":{"start":{"line":14,"column":2},"end":{"line":26,"column":32}},"locations":[{"start":{"line":14,"column":2},"end":{"line":26,"column":32}}]},"3":{"type":"branch","line":26,"loc":{"start":{"line":26,"column":13},"end":{"line":26,"column":61}},"locations":[{"start":{"line":26,"column":13},"end":{"line":26,"column":61}}]}},"b":{"0":[2055],"1":[2],"2":[2053],"3":[2046]},"fnMap":{"0":{"name":"renderWidget","decl":{"start":{"line":5,"column":7},"end":{"line":30,"column":1}},"loc":{"start":{"line":5,"column":7},"end":{"line":30,"column":1}},"line":5}},"f":{"0":2055}}
,"/Volumes/projects/Personal/open-source/libs/widget/src/widget.tsx": {"path":"/Volumes/projects/Personal/open-source/libs/widget/src/widget.tsx","all":false,"statementMap":{"0":{"start":{"line":1,"column":0},"end":{"line":1,"column":78}},"2":{"start":{"line":3,"column":0},"end":{"line":3,"column":56}},"3":{"start":{"line":4,"column":0},"end":{"line":4,"column":39}},"5":{"start":{"line":6,"column":0},"end":{"line":6,"column":30}},"7":{"start":{"line":8,"column":0},"end":{"line":8,"column":33}},"8":{"start":{"line":9,"column":0},"end":{"line":9,"column":9}},"9":{"start":{"line":10,"column":0},"end":{"line":10,"column":34}},"10":{"start":{"line":11,"column":0},"end":{"line":11,"column":26}},"11":{"start":{"line":12,"column":0},"end":{"line":12,"column":12}},"12":{"start":{"line":13,"column":0},"end":{"line":13,"column":13}},"14":{"start":{"line":15,"column":0},"end":{"line":15,"column":69}},"16":{"start":{"line":17,"column":0},"end":{"line":17,"column":50}},"17":{"start":{"line":18,"column":0},"end":{"line":18,"column":54}},"19":{"start":{"line":20,"column":0},"end":{"line":20,"column":41}},"20":{"start":{"line":21,"column":0},"end":{"line":21,"column":10}},"21":{"start":{"line":22,"column":0},"end":{"line":22,"column":35}},"22":{"start":{"line":23,"column":0},"end":{"line":23,"column":11}},"23":{"start":{"line":24,"column":0},"end":{"line":24,"column":27}},"24":{"start":{"line":25,"column":0},"end":{"line":25,"column":80}},"25":{"start":{"line":26,"column":0},"end":{"line":26,"column":75}},"26":{"start":{"line":27,"column":0},"end":{"line":27,"column":31}},"27":{"start":{"line":28,"column":0},"end":{"line":28,"column":62}},"28":{"start":{"line":29,"column":0},"end":{"line":29,"column":26}},"29":{"start":{"line":30,"column":0},"end":{"line":30,"column":6}},"32":{"start":{"line":33,"column":0},"end":{"line":33,"column":46}},"33":{"start":{"line":34,"column":0},"end":{"line":34,"column":77}},"34":{"start":{"line":35,"column":0},"end":{"line":35,"column":8}},"35":{"start":{"line":36,"column":0},"end":{"line":36,"column":6}},"37":{"start":{"line":38,"column":0},"end":{"line":38,"column":12}},"38":{"start":{"line":39,"column":0},"end":{"line":39,"column":42}},"39":{"start":{"line":40,"column":0},"end":{"line":40,"column":17}},"40":{"start":{"line":41,"column":0},"end":{"line":41,"column":32}},"41":{"start":{"line":42,"column":0},"end":{"line":42,"column":73}},"42":{"start":{"line":43,"column":0},"end":{"line":43,"column":32}},"43":{"start":{"line":44,"column":0},"end":{"line":44,"column":19}},"44":{"start":{"line":45,"column":0},"end":{"line":45,"column":25}},"45":{"start":{"line":46,"column":0},"end":{"line":46,"column":33}},"46":{"start":{"line":47,"column":0},"end":{"line":47,"column":29}},"47":{"start":{"line":48,"column":0},"end":{"line":48,"column":14}},"48":{"start":{"line":49,"column":0},"end":{"line":49,"column":13}},"49":{"start":{"line":50,"column":0},"end":{"line":50,"column":18}},"50":{"start":{"line":51,"column":0},"end":{"line":51,"column":24}},"52":{"start":{"line":53,"column":0},"end":{"line":53,"column":5}},"55":{"start":{"line":56,"column":0},"end":{"line":56,"column":39}},"56":{"start":{"line":57,"column":0},"end":{"line":57,"column":10}},"57":{"start":{"line":58,"column":0},"end":{"line":58,"column":6}},"59":{"start":{"line":60,"column":0},"end":{"line":60,"column":6}},"60":{"start":{"line":61,"column":0},"end":{"line":61,"column":36}},"61":{"start":{"line":62,"column":0},"end":{"line":62,"column":59}},"63":{"start":{"line":64,"column":0},"end":{"line":64,"column":39}},"64":{"start":{"line":65,"column":0},"end":{"line":65,"column":18}},"65":{"start":{"line":66,"column":0},"end":{"line":66,"column":5}},"67":{"start":{"line":68,"column":0},"end":{"line":68,"column":12}},"68":{"start":{"line":69,"column":0},"end":{"line":69,"column":8}},"69":{"start":{"line":70,"column":0},"end":{"line":70,"column":28}},"70":{"start":{"line":71,"column":0},"end":{"line":71,"column":60}},"71":{"start":{"line":72,"column":0},"end":{"line":72,"column":10}},"72":{"start":{"line":73,"column":0},"end":{"line":73,"column":9}},"74":{"start":{"line":75,"column":0},"end":{"line":75,"column":5}},"76":{"start":{"line":77,"column":0},"end":{"line":77,"column":58}},"77":{"start":{"line":78,"column":0},"end":{"line":78,"column":1}}},"s":{"0":1,"2":1,"3":1,"5":1,"7":30,"8":30,"9":30,"10":30,"11":30,"12":30,"14":30,"16":30,"17":30,"19":30,"20":39,"21":39,"22":39,"23":39,"24":39,"25":39,"26":39,"27":39,"28":39,"29":39,"32":39,"33":39,"34":39,"35":39,"37":39,"38":39,"39":39,"40":39,"41":2048,"42":2048,"43":2048,"44":2048,"45":2048,"46":2048,"47":2048,"48":39,"49":39,"50":39,"52":30,"55":30,"56":6,"57":6,"59":6,"60":6,"61":6,"63":6,"64":1,"65":1,"67":5,"68":5,"69":5,"70":7,"71":5,"72":5,"74":30,"76":30,"77":30},"branchMap":{"0":{"type":"branch","line":6,"loc":{"start":{"line":6,"column":7},"end":{"line":78,"column":1}},"locations":[{"start":{"line":6,"column":7},"end":{"line":78,"column":1}}]},"1":{"type":"branch","line":15,"loc":{"start":{"line":15,"column":25},"end":{"line":15,"column":69}},"locations":[{"start":{"line":15,"column":25},"end":{"line":15,"column":69}}]},"2":{"type":"branch","line":18,"loc":{"start":{"line":18,"column":21},"end":{"line":18,"column":54}},"locations":[{"start":{"line":18,"column":21},"end":{"line":18,"column":54}}]},"3":{"type":"branch","line":20,"loc":{"start":{"line":20,"column":23},"end":{"line":53,"column":3}},"locations":[{"start":{"line":20,"column":23},"end":{"line":53,"column":3}}]},"4":{"type":"branch","line":25,"loc":{"start":{"line":25,"column":20},"end":{"line":25,"column":39}},"locations":[{"start":{"line":25,"column":20},"end":{"line":25,"column":39}}]},"5":{"type":"branch","line":25,"loc":{"start":{"line":25,"column":28},"end":{"line":25,"column":65}},"locations":[{"start":{"line":25,"column":28},"end":{"line":25,"column":65}}]},"6":{"type":"branch","line":25,"loc":{"start":{"line":25,"column":39},"end":{"line":25,"column":65}},"locations":[{"start":{"line":25,"column":39},"end":{"line":25,"column":65}}]},"7":{"type":"branch","line":25,"loc":{"start":{"line":25,"column":54},"end":{"line":25,"column":80}},"locations":[{"start":{"line":25,"column":54},"end":{"line":25,"column":80}}]},"8":{"type":"branch","line":26,"loc":{"start":{"line":26,"column":24},"end":{"line":26,"column":40}},"locations":[{"start":{"line":26,"column":24},"end":{"line":26,"column":40}}]},"9":{"type":"branch","line":26,"loc":{"start":{"line":26,"column":40},"end":{"line":26,"column":63}},"locations":[{"start":{"line":26,"column":40},"end":{"line":26,"column":63}}]},"10":{"type":"branch","line":26,"loc":{"start":{"line":26,"column":55},"end":{"line":26,"column":75}},"locations":[{"start":{"line":26,"column":55},"end":{"line":26,"column":75}}]},"11":{"type":"branch","line":28,"loc":{"start":{"line":28,"column":6},"end":{"line":28,"column":62}},"locations":[{"start":{"line":28,"column":6},"end":{"line":28,"column":62}}]},"12":{"type":"branch","line":34,"loc":{"start":{"line":34,"column":6},"end":{"line":34,"column":77}},"locations":[{"start":{"line":34,"column":6},"end":{"line":34,"column":77}}]},"13":{"type":"branch","line":34,"loc":{"start":{"line":34,"column":43},"end":{"line":34,"column":77}},"locations":[{"start":{"line":34,"column":43},"end":{"line":34,"column":77}}]},"14":{"type":"branch","line":41,"loc":{"start":{"line":41,"column":21},"end":{"line":49,"column":11}},"locations":[{"start":{"line":41,"column":21},"end":{"line":49,"column":11}}]},"15":{"type":"branch","line":56,"loc":{"start":{"line":56,"column":22},"end":{"line":75,"column":3}},"locations":[{"start":{"line":56,"column":22},"end":{"line":75,"column":3}}]},"16":{"type":"branch","line":62,"loc":{"start":{"line":62,"column":24},"end":{"line":62,"column":47}},"locations":[{"start":{"line":62,"column":24},"end":{"line":62,"column":47}}]},"17":{"type":"branch","line":64,"loc":{"start":{"line":64,"column":38},"end":{"line":73,"column":9}},"locations":[{"start":{"line":64,"column":38},"end":{"line":73,"column":9}}]},"18":{"type":"branch","line":64,"loc":{"start":{"line":64,"column":38},"end":{"line":66,"column":5}},"locations":[{"start":{"line":64,"column":38},"end":{"line":66,"column":5}}]},"19":{"type":"branch","line":70,"loc":{"start":{"line":70,"column":19},"end":{"line":71,"column":60}},"locations":[{"start":{"line":70,"column":19},"end":{"line":71,"column":60}}]}},"b":{"0":[30],"1":[27],"2":[7],"3":[39],"4":[1],"5":[38],"6":[5],"7":[33],"8":[1],"9":[6],"10":[37],"11":[30],"12":[2048],"13":[6],"14":[2048],"15":[6],"16":[0],"17":[5],"18":[1],"19":[7]},"fnMap":{"0":{"name":"createWidgets","decl":{"start":{"line":6,"column":7},"end":{"line":78,"column":1}},"loc":{"start":{"line":6,"column":7},"end":{"line":78,"column":1}},"line":6},"1":{"name":"useWidgets","decl":{"start":{"line":18,"column":21},"end":{"line":18,"column":54}},"loc":{"start":{"line":18,"column":21},"end":{"line":18,"column":54}},"line":18},"2":{"name":"Widgets2","decl":{"start":{"line":20,"column":23},"end":{"line":53,"column":3}},"loc":{"start":{"line":20,"column":23},"end":{"line":53,"column":3}},"line":20},"3":{"name":"Output2","decl":{"start":{"line":56,"column":22},"end":{"line":75,"column":3}},"loc":{"start":{"line":56,"column":22},"end":{"line":75,"column":3}},"line":56}},"f":{"0":30,"1":7,"2":39,"3":6}}
,"/Volumes/projects/Personal/open-source/libs/widget/src/widgets.tsx": {"path":"/Volumes/projects/Personal/open-source/libs/widget/src/widgets.tsx","all":false,"statementMap":{"0":{"start":{"line":1,"column":0},"end":{"line":1,"column":73}},"1":{"start":{"line":2,"column":0},"end":{"line":2,"column":61}},"3":{"start":{"line":4,"column":0},"end":{"line":4,"column":66}},"4":{"start":{"line":5,"column":0},"end":{"line":5,"column":32}},"5":{"start":{"line":6,"column":0},"end":{"line":6,"column":1}},"8":{"start":{"line":9,"column":0},"end":{"line":9,"column":44}},"11":{"start":{"line":12,"column":0},"end":{"line":12,"column":3}},"12":{"start":{"line":13,"column":0},"end":{"line":13,"column":22}},"16":{"start":{"line":17,"column":0},"end":{"line":17,"column":6}},"17":{"start":{"line":18,"column":0},"end":{"line":18,"column":17}},"18":{"start":{"line":19,"column":0},"end":{"line":19,"column":37}},"19":{"start":{"line":20,"column":0},"end":{"line":20,"column":3}},"21":{"start":{"line":22,"column":0},"end":{"line":22,"column":49}},"22":{"start":{"line":23,"column":0},"end":{"line":23,"column":37}},"23":{"start":{"line":24,"column":0},"end":{"line":24,"column":3}},"25":{"start":{"line":26,"column":0},"end":{"line":26,"column":72}},"26":{"start":{"line":27,"column":0},"end":{"line":27,"column":18}},"27":{"start":{"line":28,"column":0},"end":{"line":28,"column":78}},"28":{"start":{"line":29,"column":0},"end":{"line":29,"column":12}},"29":{"start":{"line":30,"column":0},"end":{"line":30,"column":15}},"30":{"start":{"line":31,"column":0},"end":{"line":31,"column":6}},"31":{"start":{"line":32,"column":0},"end":{"line":32,"column":3}},"33":{"start":{"line":34,"column":0},"end":{"line":34,"column":21}},"34":{"start":{"line":35,"column":0},"end":{"line":35,"column":30}},"35":{"start":{"line":36,"column":0},"end":{"line":36,"column":14}},"36":{"start":{"line":37,"column":0},"end":{"line":37,"column":42}},"37":{"start":{"line":38,"column":0},"end":{"line":38,"column":63}},"38":{"start":{"line":39,"column":0},"end":{"line":39,"column":14}},"40":{"start":{"line":41,"column":0},"end":{"line":41,"column":5}},"42":{"start":{"line":43,"column":0},"end":{"line":43,"column":31}},"43":{"start":{"line":44,"column":0},"end":{"line":44,"column":3}},"44":{"start":{"line":45,"column":0},"end":{"line":45,"column":1}},"47":{"start":{"line":48,"column":0},"end":{"line":48,"column":38}},"48":{"start":{"line":49,"column":0},"end":{"line":49,"column":68}},"51":{"start":{"line":52,"column":0},"end":{"line":52,"column":28}},"52":{"start":{"line":53,"column":0},"end":{"line":53,"column":38}},"56":{"start":{"line":57,"column":0},"end":{"line":57,"column":3}},"57":{"start":{"line":58,"column":0},"end":{"line":58,"column":9}},"58":{"start":{"line":59,"column":0},"end":{"line":59,"column":31}},"59":{"start":{"line":60,"column":0},"end":{"line":60,"column":35}},"60":{"start":{"line":61,"column":0},"end":{"line":61,"column":16}},"61":{"start":{"line":62,"column":0},"end":{"line":62,"column":12}},"63":{"start":{"line":64,"column":0},"end":{"line":64,"column":10}},"64":{"start":{"line":65,"column":0},"end":{"line":65,"column":24}},"65":{"start":{"line":66,"column":0},"end":{"line":66,"column":26}},"66":{"start":{"line":67,"column":0},"end":{"line":67,"column":53}},"67":{"start":{"line":68,"column":0},"end":{"line":68,"column":57}},"69":{"start":{"line":70,"column":0},"end":{"line":70,"column":56}},"70":{"start":{"line":71,"column":0},"end":{"line":71,"column":26}},"71":{"start":{"line":72,"column":0},"end":{"line":72,"column":19}},"72":{"start":{"line":73,"column":0},"end":{"line":73,"column":28}},"73":{"start":{"line":74,"column":0},"end":{"line":74,"column":10}},"75":{"start":{"line":76,"column":0},"end":{"line":76,"column":1}}},"s":{"0":1,"1":1,"3":1,"4":38,"5":38,"8":1,"11":1,"12":1,"16":2050,"17":2050,"18":2050,"19":2050,"21":1,"22":2,"23":2,"25":1,"26":1,"27":1,"28":1,"29":1,"30":1,"31":1,"33":1,"34":2058,"35":2,"36":2,"37":2,"38":2,"40":2,"42":2056,"43":2058,"44":1,"47":1,"48":1,"51":1,"52":2057,"56":2057,"57":2057,"58":2057,"59":2057,"60":2057,"61":2057,"63":2057,"64":2057,"65":2057,"66":2057,"67":2057,"69":2057,"70":2057,"71":2057,"72":2057,"73":2057,"75":2057},"branchMap":{"0":{"type":"branch","line":4,"loc":{"start":{"line":4,"column":7},"end":{"line":6,"column":1}},"locations":[{"start":{"line":4,"column":7},"end":{"line":6,"column":1}}]},"1":{"type":"branch","line":13,"loc":{"start":{"line":13,"column":2},"end":{"line":20,"column":3}},"locations":[{"start":{"line":13,"column":2},"end":{"line":20,"column":3}}]},"2":{"type":"branch","line":22,"loc":{"start":{"line":22,"column":9},"end":{"line":24,"column":3}},"locations":[{"start":{"line":22,"column":9},"end":{"line":24,"column":3}}]},"3":{"type":"branch","line":26,"loc":{"start":{"line":26,"column":11},"end":{"line":32,"column":3}},"locations":[{"start":{"line":26,"column":11},"end":{"line":32,"column":3}}]},"4":{"type":"branch","line":34,"loc":{"start":{"line":34,"column":11},"end":{"line":44,"column":3}},"locations":[{"start":{"line":34,"column":11},"end":{"line":44,"column":3}}]},"5":{"type":"branch","line":35,"loc":{"start":{"line":35,"column":29},"end":{"line":41,"column":5}},"locations":[{"start":{"line":35,"column":29},"end":{"line":41,"column":5}}]},"6":{"type":"branch","line":41,"loc":{"start":{"line":41,"column":4},"end":{"line":43,"column":31}},"locations":[{"start":{"line":41,"column":4},"end":{"line":43,"column":31}}]},"7":{"type":"branch","line":48,"loc":{"start":{"line":48,"column":31},"end":{"line":49,"column":68}},"locations":[{"start":{"line":48,"column":31},"end":{"line":49,"column":68}}]},"8":{"type":"branch","line":52,"loc":{"start":{"line":52,"column":7},"end":{"line":76,"column":1}},"locations":[{"start":{"line":52,"column":7},"end":{"line":76,"column":1}}]},"9":{"type":"branch","line":67,"loc":{"start":{"line":67,"column":18},"end":{"line":67,"column":53}},"locations":[{"start":{"line":67,"column":18},"end":{"line":67,"column":53}}]},"10":{"type":"branch","line":68,"loc":{"start":{"line":68,"column":20},"end":{"line":68,"column":57}},"locations":[{"start":{"line":68,"column":20},"end":{"line":68,"column":57}}]}},"b":{"0":[38],"1":[2050],"2":[2],"3":[1],"4":[2058],"5":[2],"6":[2056],"7":[1],"8":[2057],"9":[5],"10":[5]},"fnMap":{"0":{"name":"DefaultWrapper","decl":{"start":{"line":4,"column":7},"end":{"line":6,"column":1}},"loc":{"start":{"line":4,"column":7},"end":{"line":6,"column":1}},"line":4},"1":{"name":"WidgetErrorBoundary","decl":{"start":{"line":13,"column":2},"end":{"line":20,"column":3}},"loc":{"start":{"line":13,"column":2},"end":{"line":20,"column":3}},"line":13},"2":{"name":"getDerivedStateFromError","decl":{"start":{"line":22,"column":9},"end":{"line":24,"column":3}},"loc":{"start":{"line":22,"column":9},"end":{"line":24,"column":3}},"line":22},"3":{"name":"componentDidCatch","decl":{"start":{"line":26,"column":11},"end":{"line":32,"column":3}},"loc":{"start":{"line":26,"column":11},"end":{"line":32,"column":3}},"line":26},"4":{"name":"render","decl":{"start":{"line":34,"column":11},"end":{"line":44,"column":3}},"loc":{"start":{"line":34,"column":11},"end":{"line":44,"column":3}},"line":34},"5":{"name":"DefaultLoadingFallback","decl":{"start":{"line":48,"column":31},"end":{"line":49,"column":68}},"loc":{"start":{"line":48,"column":31},"end":{"line":49,"column":68}},"line":48},"6":{"name":"DefaultItem","decl":{"start":{"line":52,"column":7},"end":{"line":76,"column":1}},"loc":{"start":{"line":52,"column":7},"end":{"line":76,"column":1}},"line":52}},"f":{"0":38,"1":2050,"2":2,"3":1,"4":2058,"5":1,"6":2057}}
}
