<?xml version="1.0" encoding="UTF-8"?>
<coverage generated="1787868043981" clover="3.2.0">
  <project timestamp="1787868043981" name="All files">
    <metrics statements="15" coveredstatements="15" conditionals="8" coveredconditionals="7" methods="5" coveredmethods="5" elements="28" coveredelements="27" complexity="0" loc="15" ncloc="15" packages="1" files="3" classes="3"/>
    <file name="constants.ts" path="/Volumes/projects/Personal/open-source/nest/correlation-id/src/constants.ts">
      <metrics statements="2" coveredstatements="2" conditionals="0" coveredconditionals="0" methods="0" coveredmethods="0"/>
      <line num="1" count="2" type="stmt"/>
      <line num="2" count="2" type="stmt"/>
    </file>
    <file name="correlation-id.middleware.ts" path="/Volumes/projects/Personal/open-source/nest/correlation-id/src/correlation-id.middleware.ts">
      <metrics statements="9" coveredstatements="9" conditionals="6" coveredconditionals="5" methods="2" coveredmethods="2"/>
      <line num="10" count="1" type="stmt"/>
      <line num="12" count="7" type="stmt"/>
      <line num="14" count="7" type="stmt"/>
      <line num="17" count="6" type="stmt"/>
      <line num="19" count="6" type="cond" truecount="2" falsecount="0"/>
      <line num="21" count="6" type="cond" truecount="1" falsecount="1"/>
      <line num="22" count="6" type="cond" truecount="2" falsecount="0"/>
      <line num="24" count="6" type="stmt"/>
      <line num="25" count="6" type="stmt"/>
    </file>
    <file name="correlation.service.ts" path="/Volumes/projects/Personal/open-source/nest/correlation-id/src/correlation.service.ts">
      <metrics statements="4" coveredstatements="4" conditionals="2" coveredconditionals="2" methods="3" coveredmethods="3"/>
      <line num="9" count="2" type="stmt"/>
      <line num="15" count="8" type="cond" truecount="2" falsecount="0"/>
      <line num="21" count="5" type="stmt"/>
      <line num="24" count="1" type="stmt"/>
    </file>
  </project>
</coverage>
