{"/Volumes/projects/Personal/open-source/nest/correlation-id/src/constants.ts": {"path":"/Volumes/projects/Personal/open-source/nest/correlation-id/src/constants.ts","statementMap":{"0":{"start":{"line":1,"column":37},"end":{"line":1,"column":null}},"1":{"start":{"line":2,"column":40},"end":{"line":2,"column":null}}},"fnMap":{},"branchMap":{},"s":{"0":2,"1":2},"f":{},"b":{},"meta":{"lastBranch":0,"lastFunction":0,"lastStatement":2,"seen":{"s:1:37:1:Infinity":0,"s:2:40:2:Infinity":1},"fnNames":{}}}
,"/Volumes/projects/Personal/open-source/nest/correlation-id/src/correlation-id.middleware.ts": {"path":"/Volumes/projects/Personal/open-source/nest/correlation-id/src/correlation-id.middleware.ts","statementMap":{"0":{"start":{"line":10,"column":7},"end":{"line":27,"column":null}},"1":{"start":{"line":12,"column":12},"end":{"line":12,"column":null}},"2":{"start":{"line":14,"column":12},"end":{"line":14,"column":null}},"3":{"start":{"line":17,"column":23},"end":{"line":17,"column":null}},"4":{"start":{"line":19,"column":6},"end":{"line":19,"column":null}},"5":{"start":{"line":21,"column":4},"end":{"line":21,"column":null}},"6":{"start":{"line":21,"column":30},"end":{"line":21,"column":null}},"7":{"start":{"line":22,"column":4},"end":{"line":22,"column":null}},"8":{"start":{"line":22,"column":26},"end":{"line":22,"column":null}},"9":{"start":{"line":24,"column":4},"end":{"line":24,"column":null}},"10":{"start":{"line":25,"column":4},"end":{"line":25,"column":null}}},"fnMap":{"0":{"name":"constructor","decl":{"start":{"line":11,"column":2},"end":{"line":11,"column":null}},"loc":{"start":{"line":15,"column":4},"end":{"line":15,"column":null}},"line":15},"1":{"name":"use","decl":{"start":{"line":16,"column":2},"end":{"line":16,"column":6}},"loc":{"start":{"line":16,"column":53},"end":{"line":26,"column":null}},"line":16}},"branchMap":{"0":{"loc":{"start":{"line":19,"column":6},"end":{"line":19,"column":null}},"type":"binary-expr","locations":[{"start":{"line":19,"column":6},"end":{"line":19,"column":25}},{"start":{"line":19,"column":25},"end":{"line":19,"column":null}}],"line":19},"1":{"loc":{"start":{"line":21,"column":4},"end":{"line":21,"column":null}},"type":"if","locations":[{"start":{"line":21,"column":4},"end":{"line":21,"column":null}},{"start":{},"end":{}}],"line":21},"2":{"loc":{"start":{"line":22,"column":4},"end":{"line":22,"column":null}},"type":"if","locations":[{"start":{"line":22,"column":4},"end":{"line":22,"column":null}},{"start":{},"end":{}}],"line":22}},"s":{"0":1,"1":7,"2":7,"3":6,"4":6,"5":6,"6":6,"7":6,"8":5,"9":6,"10":6},"f":{"0":7,"1":6},"b":{"0":[6,1],"1":[6,0],"2":[5,1]},"meta":{"lastBranch":3,"lastFunction":2,"lastStatement":11,"seen":{"s:10:7:27:Infinity":0,"f:11:2:11:Infinity":0,"s:12:12:12:Infinity":1,"s:14:12:14:Infinity":2,"f:16:2:16:6":1,"s:17:23:17:Infinity":3,"s:19:6:19:Infinity":4,"b:19:6:19:25:19:25:19:Infinity":0,"b:21:4:21:Infinity:undefined:undefined:undefined:undefined":1,"s:21:4:21:Infinity":5,"s:21:30:21:Infinity":6,"b:22:4:22:Infinity:undefined:undefined:undefined:undefined":2,"s:22:4:22:Infinity":7,"s:22:26:22:Infinity":8,"s:24:4:24:Infinity":9,"s:25:4:25:Infinity":10},"fnNames":{}}}
,"/Volumes/projects/Personal/open-source/nest/correlation-id/src/correlation.service.ts": {"path":"/Volumes/projects/Personal/open-source/nest/correlation-id/src/correlation.service.ts","statementMap":{"0":{"start":{"line":9,"column":7},"end":{"line":26,"column":null}},"1":{"start":{"line":15,"column":4},"end":{"line":17,"column":null}},"2":{"start":{"line":21,"column":4},"end":{"line":21,"column":null}},"3":{"start":{"line":24,"column":4},"end":{"line":24,"column":null}}},"fnMap":{"0":{"name":"constructor","decl":{"start":{"line":12,"column":2},"end":{"line":12,"column":null}},"loc":{"start":{"line":14,"column":4},"end":{"line":18,"column":null}},"line":14},"1":{"name":"getCorrelationId","decl":{"start":{"line":20,"column":2},"end":{"line":20,"column":29}},"loc":{"start":{"line":20,"column":29},"end":{"line":22,"column":null}},"line":20},"2":{"name":"setCorrelationId","decl":{"start":{"line":23,"column":2},"end":{"line":23,"column":19}},"loc":{"start":{"line":23,"column":48},"end":{"line":25,"column":null}},"line":23}},"branchMap":{"0":{"loc":{"start":{"line":15,"column":25},"end":{"line":17,"column":19}},"type":"cond-expr","locations":[{"start":{"line":16,"column":8},"end":{"line":16,"column":null}},{"start":{"line":17,"column":8},"end":{"line":17,"column":19}}],"line":15}},"s":{"0":2,"1":8,"2":5,"3":1},"f":{"0":8,"1":5,"2":1},"b":{"0":[5,3]},"meta":{"lastBranch":1,"lastFunction":3,"lastStatement":4,"seen":{"s:9:7:26:Infinity":0,"f:12:2:12:Infinity":0,"s:15:4:17:Infinity":1,"b:16:8:16:Infinity:17:8:17:19":0,"f:20:2:20:29":1,"s:21:4:21:Infinity":2,"f:23:2:23:19":2,"s:24:4:24:Infinity":3},"fnNames":{}}}
}
